<?xml version="1.0" encoding="UTF-8"?>
<!-- Generated by org.testng.reporters.JUnitXMLReporter -->
<testsuite hostname="SSPL-LP-DNS-0204" name="WeatherTest" tests="1" failures="1" timestamp="29 Dec 2019 11:28:21 GMT" time="2.799" errors="0">
  <testcase name="getWeatherDetails" time="2.775" classname="api.automation.weather.WeatherTest">
    <failure type="java.lang.AssertionError" message="Tempratue very high expected [true] but found [false]">
      <![CDATA[java.lang.AssertionError: Tempratue very high expected [true] but found [false]
	at api.automation.weather.WeatherTest.getWeatherDetails(WeatherTest.java:104)
... Removed 28 stack frames]]>
    </failure>
  </testcase> <!-- getWeatherDetails -->
</testsuite> <!-- WeatherTest -->
