<?xml version="1.0" encoding="UTF-8"?>
<!-- Generated by org.testng.reporters.JUnitXMLReporter -->
<testsuite hostname="SSPL-LP-DNS-0204" name="MapTest" tests="1" failures="1" timestamp="2 Jan 2020 09:42:20 GMT" time="2.296" errors="0">
  <testcase name="findPlace" time="2.271" classname="api.automation.google.MapPlaceFindTest">
    <failure type="java.lang.AssertionError" message="expected [ChIJ68aBlEKuEmsRHUA9oME5Zh0] but found [null]">
      <![CDATA[java.lang.AssertionError: expected [ChIJ68aBlEKuEmsRHUA9oME5Zh0] but found [null]
	at api.automation.google.MapPlaceFindTest.findPlace(MapPlaceFindTest.java:44)
... Removed 31 stack frames]]>
    </failure>
  </testcase> <!-- findPlace -->
</testsuite> <!-- MapTest -->
