<?xml version="1.0" encoding="UTF-8"?>
<testng-results skipped="0" failed="0" total="2" passed="2">
  <reporter-output>
  </reporter-output>
  <suite name="Default suite" duration-ms="3392" started-at="2020-01-02T12:26:30Z" finished-at="2020-01-02T12:26:34Z">
    <groups>
    </groups>
    <test name="Default test" duration-ms="3392" started-at="2020-01-02T12:26:30Z" finished-at="2020-01-02T12:26:34Z">
      <class name="api.automation.google.MapPlaceFindTest">
        <test-method status="PASS" signature="addPlace()[pri:0, instance:api.automation.google.MapPlaceFindTest@457e2f02]" name="addPlace" duration-ms="631" started-at="2020-01-02T17:56:30Z" finished-at="2020-01-02T17:56:31Z">
          <reporter-output>
          </reporter-output>
        </test-method> <!-- addPlace -->
        <test-method status="PASS" signature="findPlace()[pri:0, instance:api.automation.google.MapPlaceFindTest@457e2f02]" name="findPlace" duration-ms="2741" started-at="2020-01-02T17:56:31Z" finished-at="2020-01-02T17:56:34Z">
          <reporter-output>
          </reporter-output>
        </test-method> <!-- findPlace -->
      </class> <!-- api.automation.google.MapPlaceFindTest -->
    </test> <!-- Default test -->
  </suite> <!-- Default suite -->
</testng-results>
